{"C:\\Users\\USER\\Desktop\\Projects\\typescript projects\\agpaytech\\src\\helpers\\index.ts": {"path":"C:\\Users\\USER\\Desktop\\Projects\\typescript projects\\agpaytech\\src\\helpers\\index.ts","statementMap":{"0":{"start":{"line":1,"column":0},"end":{"line":1,"column":7}},"1":{"start":{"line":9,"column":2},"end":{"line":1,"column":52}},"2":{"start":{"line":2,"column":0},"end":{"line":2,"column":7}},"3":{"start":{"line":10,"column":2},"end":{"line":2,"column":54}},"4":{"start":{"line":3,"column":0},"end":{"line":3,"column":7}},"5":{"start":{"line":11,"column":2},"end":{"line":3,"column":55}},"6":{"start":{"line":4,"column":0},"end":{"line":4,"column":7}},"7":{"start":{"line":12,"column":2},"end":{"line":4,"column":57}},"8":{"start":{"line":5,"column":0},"end":{"line":5,"column":7}},"9":{"start":{"line":13,"column":2},"end":{"line":5,"column":58}},"10":{"start":{"line":6,"column":0},"end":{"line":6,"column":7}},"11":{"start":{"line":14,"column":2},"end":{"line":6,"column":61}}},"fnMap":{},"branchMap":{},"s":{"0":2,"1":2,"2":2,"3":2,"4":2,"5":2,"6":2,"7":2,"8":2,"9":2,"10":2,"11":2},"f":{},"b":{}}
,"C:\\Users\\USER\\Desktop\\Projects\\typescript projects\\agpaytech\\src\\helpers\\countries\\deleteCountries.ts": {"path":"C:\\Users\\USER\\Desktop\\Projects\\typescript projects\\agpaytech\\src\\helpers\\countries\\deleteCountries.ts","statementMap":{"0":{"start":{"line":3,"column":0},"end":{"line":3,"column":41}},"1":{"start":{"line":6,"column":34},"end":{"line":10,"column":2}},"2":{"start":{"line":12,"column":24},"end":{"line":31,"column":2}},"3":{"start":{"line":12,"column":100},"end":{"line":31,"column":2}},"4":{"start":{"line":13,"column":22},"end":{"line":13,"column":26}},"5":{"start":{"line":15,"column":6},"end":{"line":30,"column":null}},"6":{"start":{"line":17,"column":12},"end":{"line":18,"column":101}},"7":{"start":{"line":18,"column":18},"end":{"line":18,"column":101}},"8":{"start":{"line":20,"column":12},"end":{"line":20,"column":48}},"9":{"start":{"line":22,"column":12},"end":{"line":22,"column":89}},"10":{"start":{"line":22,"column":27},"end":{"line":22,"column":89}},"11":{"start":{"line":24,"column":12},"end":{"line":24,"column":42}},"12":{"start":{"line":25,"column":12},"end":{"line":25,"column":42}},"13":{"start":{"line":27,"column":12},"end":{"line":27,"column":62}},"14":{"start":{"line":29,"column":12},"end":{"line":29,"column":63}},"15":{"start":{"line":33,"column":0},"end":{"line":33,"column":31}}},"fnMap":{"0":{"name":"(anonymous_7)","decl":{"start":{"line":12,"column":24},"end":{"line":12,"column":31}},"loc":{"start":{"line":12,"column":100},"end":{"line":31,"column":2}}},"1":{"name":"(anonymous_8)","decl":{"start":{"line":12,"column":100},"end":{"line":12,"column":null}},"loc":{"start":{"line":12,"column":100},"end":{"line":31,"column":1}}}},"branchMap":{"0":{"loc":{"start":{"line":22,"column":12},"end":{"line":22,"column":89}},"type":"if","locations":[{"start":{"line":22,"column":12},"end":{"line":22,"column":89}}]}},"s":{"0":3,"1":3,"2":3,"3":4,"4":4,"5":4,"6":4,"7":1,"8":4,"9":4,"10":1,"11":3,"12":1,"13":1,"14":2,"15":3},"f":{"0":4,"1":4},"b":{"0":[1]}}
,"C:\\Users\\USER\\Desktop\\Projects\\typescript projects\\agpaytech\\src\\helpers\\countries\\getCountries.ts": {"path":"C:\\Users\\USER\\Desktop\\Projects\\typescript projects\\agpaytech\\src\\helpers\\countries\\getCountries.ts","statementMap":{"0":{"start":{"line":3,"column":0},"end":{"line":3,"column":41}},"1":{"start":{"line":5,"column":0},"end":{"line":5,"column":23}},"2":{"start":{"line":7,"column":34},"end":{"line":11,"column":2}},"3":{"start":{"line":13,"column":21},"end":{"line":59,"column":2}},"4":{"start":{"line":13,"column":125},"end":{"line":59,"column":2}},"5":{"start":{"line":14,"column":22},"end":{"line":14,"column":26}},"6":{"start":{"line":15,"column":6},"end":{"line":15,"column":23}},"7":{"start":{"line":16,"column":6},"end":{"line":16,"column":24}},"8":{"start":{"line":18,"column":25},"end":{"line":18,"column":42}},"9":{"start":{"line":19,"column":23},"end":{"line":19,"column":34}},"10":{"start":{"line":20,"column":32},"end":{"line":24,"column":8}},"11":{"start":{"line":25,"column":36},"end":{"line":29,"column":8}},"12":{"start":{"line":31,"column":6},"end":{"line":58,"column":null}},"13":{"start":{"line":32,"column":12},"end":{"line":33,"column":71}},"14":{"start":{"line":33,"column":18},"end":{"line":33,"column":71}},"15":{"start":{"line":35,"column":12},"end":{"line":36,"column":101}},"16":{"start":{"line":36,"column":18},"end":{"line":36,"column":101}},"17":{"start":{"line":38,"column":12},"end":{"line":38,"column":48}},"18":{"start":{"line":40,"column":12},"end":{"line":44,"column":null}},"19":{"start":{"line":41,"column":18},"end":{"line":41,"column":39}},"20":{"start":{"line":42,"column":18},"end":{"line":42,"column":36}},"21":{"start":{"line":43,"column":18},"end":{"line":43,"column":48}},"22":{"start":{"line":46,"column":12},"end":{"line":50,"column":null}},"23":{"start":{"line":47,"column":18},"end":{"line":47,"column":43}},"24":{"start":{"line":48,"column":18},"end":{"line":48,"column":40}},"25":{"start":{"line":49,"column":18},"end":{"line":49,"column":52}},"26":{"start":{"line":52,"column":12},"end":{"line":52,"column":65}},"27":{"start":{"line":53,"column":12},"end":{"line":53,"column":78}},"28":{"start":{"line":55,"column":12},"end":{"line":55,"column":62}},"29":{"start":{"line":57,"column":12},"end":{"line":57,"column":63}},"30":{"start":{"line":61,"column":0},"end":{"line":61,"column":28}}},"fnMap":{"0":{"name":"(anonymous_8)","decl":{"start":{"line":13,"column":21},"end":{"line":13,"column":28}},"loc":{"start":{"line":13,"column":125},"end":{"line":59,"column":2}}},"1":{"name":"(anonymous_9)","decl":{"start":{"line":13,"column":125},"end":{"line":13,"column":null}},"loc":{"start":{"line":13,"column":125},"end":{"line":59,"column":1}}}},"branchMap":{"0":{"loc":{"start":{"line":15,"column":13},"end":{"line":15,"column":22}},"type":"binary-expr","locations":[{"start":{"line":15,"column":13},"end":{"line":15,"column":17}},{"start":{"line":15,"column":21},"end":{"line":15,"column":22}}]},"1":{"loc":{"start":{"line":16,"column":13},"end":{"line":16,"column":23}},"type":"binary-expr","locations":[{"start":{"line":16,"column":13},"end":{"line":16,"column":17}},{"start":{"line":16,"column":21},"end":{"line":16,"column":23}}]},"2":{"loc":{"start":{"line":32,"column":12},"end":{"line":33,"column":71}},"type":"if","locations":[{"start":{"line":32,"column":12},"end":{"line":33,"column":71}}]},"3":{"loc":{"start":{"line":32,"column":15},"end":{"line":32,"column":37}},"type":"binary-expr","locations":[{"start":{"line":32,"column":15},"end":{"line":32,"column":24}},{"start":{"line":32,"column":28},"end":{"line":32,"column":37}}]},"4":{"loc":{"start":{"line":40,"column":12},"end":{"line":44,"column":null}},"type":"if","locations":[{"start":{"line":40,"column":12},"end":{"line":44,"column":null}}]},"5":{"loc":{"start":{"line":46,"column":12},"end":{"line":50,"column":null}},"type":"if","locations":[{"start":{"line":46,"column":12},"end":{"line":50,"column":null}}]}},"s":{"0":3,"1":3,"2":3,"3":3,"4":8,"5":8,"6":8,"7":8,"8":8,"9":8,"10":8,"11":8,"12":8,"13":8,"14":1,"15":7,"16":1,"17":7,"18":7,"19":2,"20":2,"21":2,"22":7,"23":2,"24":2,"25":2,"26":7,"27":7,"28":7,"29":1,"30":3},"f":{"0":8,"1":8},"b":{"0":[8,1],"1":[8,1],"2":[1],"3":[8,7],"4":[2],"5":[2]}}
,"C:\\Users\\USER\\Desktop\\Projects\\typescript projects\\agpaytech\\src\\helpers\\countries\\saveCountries.ts": {"path":"C:\\Users\\USER\\Desktop\\Projects\\typescript projects\\agpaytech\\src\\helpers\\countries\\saveCountries.ts","statementMap":{"0":{"start":{"line":3,"column":0},"end":{"line":3,"column":41}},"1":{"start":{"line":4,"column":0},"end":{"line":4,"column":51}},"2":{"start":{"line":6,"column":34},"end":{"line":10,"column":2}},"3":{"start":{"line":12,"column":29},"end":{"line":28,"column":2}},"4":{"start":{"line":16,"column":2},"end":{"line":27,"column":null}},"5":{"start":{"line":17,"column":4},"end":{"line":20,"column":null}},"6":{"start":{"line":18,"column":22},"end":{"line":18,"column":46}},"7":{"start":{"line":19,"column":6},"end":{"line":19,"column":28}},"8":{"start":{"line":19,"column":16},"end":{"line":19,"column":28}},"9":{"start":{"line":22,"column":4},"end":{"line":22,"column":38}},"10":{"start":{"line":23,"column":4},"end":{"line":23,"column":34}},"11":{"start":{"line":24,"column":4},"end":{"line":24,"column":54}},"12":{"start":{"line":26,"column":4},"end":{"line":26,"column":55}},"13":{"start":{"line":12,"column":13},"end":{"line":12,"column":29}},"14":{"start":{"line":30,"column":0},"end":{"line":30,"column":29}}},"fnMap":{"0":{"name":"(anonymous_7)","decl":{"start":{"line":12,"column":29},"end":{"line":12,"column":null}},"loc":{"start":{"line":14,"column":24},"end":{"line":28,"column":2}}}},"branchMap":{"0":{"loc":{"start":{"line":19,"column":6},"end":{"line":19,"column":28}},"type":"if","locations":[{"start":{"line":19,"column":6},"end":{"line":19,"column":28}}]}},"s":{"0":3,"1":3,"2":3,"3":3,"4":3,"5":3,"6":4,"7":4,"8":2,"9":1,"10":1,"11":1,"12":2,"13":3,"14":3},"f":{"0":3},"b":{"0":[2]}}
,"C:\\Users\\USER\\Desktop\\Projects\\typescript projects\\agpaytech\\src\\helpers\\currencies\\deleteCurrencies.ts": {"path":"C:\\Users\\USER\\Desktop\\Projects\\typescript projects\\agpaytech\\src\\helpers\\currencies\\deleteCurrencies.ts","statementMap":{"0":{"start":{"line":3,"column":0},"end":{"line":3,"column":41}},"1":{"start":{"line":6,"column":35},"end":{"line":10,"column":2}},"2":{"start":{"line":12,"column":25},"end":{"line":31,"column":2}},"3":{"start":{"line":12,"column":103},"end":{"line":31,"column":2}},"4":{"start":{"line":13,"column":23},"end":{"line":13,"column":27}},"5":{"start":{"line":14,"column":6},"end":{"line":14,"column":58}},"6":{"start":{"line":15,"column":6},"end":{"line":30,"column":null}},"7":{"start":{"line":17,"column":12},"end":{"line":18,"column":101}},"8":{"start":{"line":18,"column":18},"end":{"line":18,"column":101}},"9":{"start":{"line":20,"column":12},"end":{"line":20,"column":49}},"10":{"start":{"line":22,"column":12},"end":{"line":22,"column":91}},"11":{"start":{"line":22,"column":28},"end":{"line":22,"column":91}},"12":{"start":{"line":24,"column":12},"end":{"line":24,"column":42}},"13":{"start":{"line":25,"column":12},"end":{"line":25,"column":42}},"14":{"start":{"line":27,"column":12},"end":{"line":27,"column":63}},"15":{"start":{"line":29,"column":12},"end":{"line":29,"column":64}},"16":{"start":{"line":33,"column":0},"end":{"line":33,"column":32}}},"fnMap":{"0":{"name":"(anonymous_7)","decl":{"start":{"line":12,"column":25},"end":{"line":12,"column":32}},"loc":{"start":{"line":12,"column":103},"end":{"line":31,"column":2}}},"1":{"name":"(anonymous_8)","decl":{"start":{"line":12,"column":103},"end":{"line":12,"column":null}},"loc":{"start":{"line":12,"column":103},"end":{"line":31,"column":1}}}},"branchMap":{"0":{"loc":{"start":{"line":22,"column":12},"end":{"line":22,"column":91}},"type":"if","locations":[{"start":{"line":22,"column":12},"end":{"line":22,"column":91}}]}},"s":{"0":3,"1":3,"2":3,"3":4,"4":4,"5":4,"6":4,"7":4,"8":1,"9":4,"10":4,"11":1,"12":3,"13":1,"14":1,"15":2,"16":3},"f":{"0":4,"1":4},"b":{"0":[1]}}
,"C:\\Users\\USER\\Desktop\\Projects\\typescript projects\\agpaytech\\src\\helpers\\currencies\\getCurrencies.ts": {"path":"C:\\Users\\USER\\Desktop\\Projects\\typescript projects\\agpaytech\\src\\helpers\\currencies\\getCurrencies.ts","statementMap":{"0":{"start":{"line":3,"column":0},"end":{"line":3,"column":41}},"1":{"start":{"line":5,"column":0},"end":{"line":5,"column":23}},"2":{"start":{"line":7,"column":35},"end":{"line":11,"column":2}},"3":{"start":{"line":13,"column":22},"end":{"line":60,"column":2}},"4":{"start":{"line":13,"column":128},"end":{"line":60,"column":2}},"5":{"start":{"line":14,"column":23},"end":{"line":14,"column":27}},"6":{"start":{"line":15,"column":6},"end":{"line":15,"column":23}},"7":{"start":{"line":16,"column":6},"end":{"line":16,"column":24}},"8":{"start":{"line":18,"column":25},"end":{"line":18,"column":42}},"9":{"start":{"line":19,"column":23},"end":{"line":19,"column":34}},"10":{"start":{"line":20,"column":32},"end":{"line":24,"column":8}},"11":{"start":{"line":25,"column":36},"end":{"line":29,"column":8}},"12":{"start":{"line":31,"column":6},"end":{"line":59,"column":null}},"13":{"start":{"line":32,"column":12},"end":{"line":33,"column":71}},"14":{"start":{"line":33,"column":18},"end":{"line":33,"column":71}},"15":{"start":{"line":35,"column":12},"end":{"line":37,"column":null}},"16":{"start":{"line":36,"column":18},"end":{"line":36,"column":101}},"17":{"start":{"line":39,"column":12},"end":{"line":39,"column":49}},"18":{"start":{"line":41,"column":12},"end":{"line":45,"column":null}},"19":{"start":{"line":42,"column":18},"end":{"line":42,"column":39}},"20":{"start":{"line":43,"column":18},"end":{"line":43,"column":36}},"21":{"start":{"line":44,"column":18},"end":{"line":44,"column":49}},"22":{"start":{"line":47,"column":12},"end":{"line":51,"column":null}},"23":{"start":{"line":48,"column":18},"end":{"line":48,"column":43}},"24":{"start":{"line":49,"column":18},"end":{"line":49,"column":40}},"25":{"start":{"line":50,"column":18},"end":{"line":50,"column":53}},"26":{"start":{"line":53,"column":12},"end":{"line":53,"column":67}},"27":{"start":{"line":54,"column":12},"end":{"line":54,"column":79}},"28":{"start":{"line":56,"column":12},"end":{"line":56,"column":63}},"29":{"start":{"line":58,"column":12},"end":{"line":58,"column":64}},"30":{"start":{"line":61,"column":0},"end":{"line":61,"column":29}}},"fnMap":{"0":{"name":"(anonymous_8)","decl":{"start":{"line":13,"column":22},"end":{"line":13,"column":29}},"loc":{"start":{"line":13,"column":128},"end":{"line":60,"column":2}}},"1":{"name":"(anonymous_9)","decl":{"start":{"line":13,"column":128},"end":{"line":13,"column":null}},"loc":{"start":{"line":13,"column":128},"end":{"line":60,"column":1}}}},"branchMap":{"0":{"loc":{"start":{"line":15,"column":13},"end":{"line":15,"column":22}},"type":"binary-expr","locations":[{"start":{"line":15,"column":13},"end":{"line":15,"column":17}},{"start":{"line":15,"column":21},"end":{"line":15,"column":22}}]},"1":{"loc":{"start":{"line":16,"column":13},"end":{"line":16,"column":23}},"type":"binary-expr","locations":[{"start":{"line":16,"column":13},"end":{"line":16,"column":17}},{"start":{"line":16,"column":21},"end":{"line":16,"column":23}}]},"2":{"loc":{"start":{"line":32,"column":12},"end":{"line":33,"column":71}},"type":"if","locations":[{"start":{"line":32,"column":12},"end":{"line":33,"column":71}}]},"3":{"loc":{"start":{"line":32,"column":15},"end":{"line":32,"column":37}},"type":"binary-expr","locations":[{"start":{"line":32,"column":15},"end":{"line":32,"column":24}},{"start":{"line":32,"column":28},"end":{"line":32,"column":37}}]},"4":{"loc":{"start":{"line":41,"column":12},"end":{"line":45,"column":null}},"type":"if","locations":[{"start":{"line":41,"column":12},"end":{"line":45,"column":null}}]},"5":{"loc":{"start":{"line":47,"column":12},"end":{"line":51,"column":null}},"type":"if","locations":[{"start":{"line":47,"column":12},"end":{"line":51,"column":null}}]}},"s":{"0":3,"1":3,"2":3,"3":3,"4":8,"5":8,"6":8,"7":8,"8":8,"9":8,"10":8,"11":8,"12":8,"13":8,"14":1,"15":7,"16":1,"17":7,"18":7,"19":2,"20":2,"21":2,"22":7,"23":2,"24":2,"25":2,"26":7,"27":7,"28":7,"29":1,"30":3},"f":{"0":8,"1":8},"b":{"0":[8,1],"1":[8,1],"2":[1],"3":[8,7],"4":[2],"5":[2]}}
,"C:\\Users\\USER\\Desktop\\Projects\\typescript projects\\agpaytech\\src\\helpers\\currencies\\saveCurrencies.ts": {"path":"C:\\Users\\USER\\Desktop\\Projects\\typescript projects\\agpaytech\\src\\helpers\\currencies\\saveCurrencies.ts","statementMap":{"0":{"start":{"line":3,"column":0},"end":{"line":3,"column":41}},"1":{"start":{"line":4,"column":0},"end":{"line":4,"column":52}},"2":{"start":{"line":6,"column":35},"end":{"line":10,"column":2}},"3":{"start":{"line":12,"column":30},"end":{"line":28,"column":2}},"4":{"start":{"line":16,"column":2},"end":{"line":27,"column":null}},"5":{"start":{"line":17,"column":5},"end":{"line":20,"column":null}},"6":{"start":{"line":18,"column":22},"end":{"line":18,"column":48}},"7":{"start":{"line":19,"column":6},"end":{"line":19,"column":28}},"8":{"start":{"line":19,"column":16},"end":{"line":19,"column":28}},"9":{"start":{"line":22,"column":4},"end":{"line":22,"column":39}},"10":{"start":{"line":23,"column":4},"end":{"line":23,"column":34}},"11":{"start":{"line":24,"column":4},"end":{"line":24,"column":55}},"12":{"start":{"line":26,"column":4},"end":{"line":26,"column":56}},"13":{"start":{"line":12,"column":13},"end":{"line":12,"column":30}},"14":{"start":{"line":30,"column":0},"end":{"line":30,"column":30}}},"fnMap":{"0":{"name":"(anonymous_7)","decl":{"start":{"line":12,"column":30},"end":{"line":12,"column":null}},"loc":{"start":{"line":14,"column":25},"end":{"line":28,"column":2}}}},"branchMap":{"0":{"loc":{"start":{"line":19,"column":6},"end":{"line":19,"column":28}},"type":"if","locations":[{"start":{"line":19,"column":6},"end":{"line":19,"column":28}}]}},"s":{"0":3,"1":3,"2":3,"3":3,"4":3,"5":3,"6":4,"7":4,"8":2,"9":1,"10":1,"11":1,"12":2,"13":3,"14":3},"f":{"0":3},"b":{"0":[2]}}
,"C:\\Users\\USER\\Desktop\\Projects\\typescript projects\\agpaytech\\src\\models\\CountryModel.ts": {"path":"C:\\Users\\USER\\Desktop\\Projects\\typescript projects\\agpaytech\\src\\models\\CountryModel.ts","statementMap":{"0":{"start":{"line":1,"column":0},"end":{"line":1,"column":48}},"1":{"start":{"line":4,"column":22},"end":{"line":16,"column":2}},"2":{"start":{"line":18,"column":38},"end":{"line":18,"column":79}},"3":{"start":{"line":19,"column":9},"end":{"line":19,"column":21}}},"fnMap":{},"branchMap":{},"s":{"0":8,"1":8,"2":8,"3":8},"f":{},"b":{}}
,"C:\\Users\\USER\\Desktop\\Projects\\typescript projects\\agpaytech\\src\\models\\CurrencyModel.ts": {"path":"C:\\Users\\USER\\Desktop\\Projects\\typescript projects\\agpaytech\\src\\models\\CurrencyModel.ts","statementMap":{"0":{"start":{"line":1,"column":0},"end":{"line":1,"column":41}},"1":{"start":{"line":4,"column":23},"end":{"line":10,"column":2}},"2":{"start":{"line":12,"column":22},"end":{"line":12,"column":66}},"3":{"start":{"line":13,"column":9},"end":{"line":13,"column":22}}},"fnMap":{},"branchMap":{},"s":{"0":8,"1":8,"2":8,"3":8},"f":{},"b":{}}
,"C:\\Users\\USER\\Desktop\\Projects\\typescript projects\\agpaytech\\src\\models\\index.ts": {"path":"C:\\Users\\USER\\Desktop\\Projects\\typescript projects\\agpaytech\\src\\models\\index.ts","statementMap":{"0":{"start":{"line":1,"column":0},"end":{"line":1,"column":9}},"1":{"start":{"line":4,"column":9},"end":{"line":1,"column":46}},"2":{"start":{"line":2,"column":0},"end":{"line":2,"column":9}},"3":{"start":{"line":4,"column":23},"end":{"line":2,"column":48}}},"fnMap":{"0":{"name":"(anonymous_0)","decl":{"start":{"line":4,"column":9},"end":{"line":4,"column":21}},"loc":{"start":{"line":4,"column":9},"end":{"line":1,"column":46}}},"1":{"name":"(anonymous_1)","decl":{"start":{"line":4,"column":23},"end":{"line":4,"column":36}},"loc":{"start":{"line":4,"column":23},"end":{"line":2,"column":48}}}},"branchMap":{},"s":{"0":8,"1":58,"2":8,"3":58},"f":{"0":50,"1":50},"b":{}}
,"C:\\Users\\USER\\Desktop\\Projects\\typescript projects\\agpaytech\\src\\services\\index.ts": {"path":"C:\\Users\\USER\\Desktop\\Projects\\typescript projects\\agpaytech\\src\\services\\index.ts","statementMap":{"0":{"start":{"line":1,"column":0},"end":{"line":1,"column":7}},"1":{"start":{"line":4,"column":9},"end":{"line":1,"column":67}},"2":{"start":{"line":2,"column":0},"end":{"line":2,"column":7}},"3":{"start":{"line":4,"column":27},"end":{"line":2,"column":70}}},"fnMap":{},"branchMap":{},"s":{"0":2,"1":2,"2":2,"3":2},"f":{},"b":{}}
,"C:\\Users\\USER\\Desktop\\Projects\\typescript projects\\agpaytech\\src\\services\\countriesService\\countriesService.ts": {"path":"C:\\Users\\USER\\Desktop\\Projects\\typescript projects\\agpaytech\\src\\services\\countriesService\\countriesService.ts","statementMap":{"0":{"start":{"line":4,"column":0},"end":{"line":4,"column":44}},"1":{"start":{"line":5,"column":0},"end":{"line":5,"column":77}},"2":{"start":{"line":8,"column":2},"end":{"line":8,"column":null}},"3":{"start":{"line":11,"column":4},"end":{"line":11,"column":24}},"4":{"start":{"line":19,"column":4},"end":{"line":19,"column":56}},"5":{"start":{"line":23,"column":4},"end":{"line":23,"column":44}},"6":{"start":{"line":27,"column":4},"end":{"line":27,"column":47}},"7":{"start":{"line":7,"column":0},"end":{"line":7,"column":13}},"8":{"start":{"line":31,"column":0},"end":{"line":31,"column":50}}},"fnMap":{"0":{"name":"(anonymous_7)","decl":{"start":{"line":10,"column":2},"end":{"line":10,"column":14}},"loc":{"start":{"line":10,"column":36},"end":{"line":12,"column":3}}},"1":{"name":"(anonymous_8)","decl":{"start":{"line":14,"column":8},"end":{"line":14,"column":14}},"loc":{"start":{"line":17,"column":17},"end":{"line":20,"column":null}}},"2":{"name":"(anonymous_10)","decl":{"start":{"line":22,"column":2},"end":{"line":22,"column":10}},"loc":{"start":{"line":22,"column":27},"end":{"line":24,"column":3}}},"3":{"name":"(anonymous_11)","decl":{"start":{"line":26,"column":2},"end":{"line":26,"column":8}},"loc":{"start":{"line":26,"column":22},"end":{"line":28,"column":3}}}},"branchMap":{},"s":{"0":2,"1":2,"2":2,"3":2,"4":1,"5":1,"6":1,"7":2,"8":2},"f":{"0":2,"1":1,"2":1,"3":1},"b":{}}
,"C:\\Users\\USER\\Desktop\\Projects\\typescript projects\\agpaytech\\src\\services\\currenciesService\\currenciesService.ts": {"path":"C:\\Users\\USER\\Desktop\\Projects\\typescript projects\\agpaytech\\src\\services\\currenciesService\\currenciesService.ts","statementMap":{"0":{"start":{"line":4,"column":0},"end":{"line":4,"column":45}},"1":{"start":{"line":5,"column":0},"end":{"line":5,"column":80}},"2":{"start":{"line":8,"column":2},"end":{"line":8,"column":null}},"3":{"start":{"line":14,"column":2},"end":{"line":20,"column":null}},"4":{"start":{"line":18,"column":35},"end":{"line":20,"column":4}},"5":{"start":{"line":19,"column":4},"end":{"line":19,"column":57}},"6":{"start":{"line":22,"column":2},"end":{"line":24,"column":null}},"7":{"start":{"line":23,"column":4},"end":{"line":23,"column":45}},"8":{"start":{"line":11,"column":4},"end":{"line":11,"column":24}},"9":{"start":{"line":27,"column":4},"end":{"line":27,"column":48}},"10":{"start":{"line":7,"column":0},"end":{"line":7,"column":13}},"11":{"start":{"line":31,"column":0},"end":{"line":31,"column":50}}},"fnMap":{"0":{"name":"(anonymous_7)","decl":{"start":{"line":10,"column":2},"end":{"line":10,"column":14}},"loc":{"start":{"line":10,"column":37},"end":{"line":12,"column":3}}},"1":{"name":"(anonymous_8)","decl":{"start":{"line":14,"column":11},"end":{"line":14,"column":null}},"loc":{"start":{"line":18,"column":35},"end":{"line":20,"column":4}}},"2":{"name":"(anonymous_9)","decl":{"start":{"line":18,"column":35},"end":{"line":18,"column":null}},"loc":{"start":{"line":18,"column":35},"end":{"line":20,"column":3}}},"3":{"name":"(anonymous_10)","decl":{"start":{"line":22,"column":13},"end":{"line":22,"column":14}},"loc":{"start":{"line":22,"column":64},"end":{"line":24,"column":3}}},"4":{"name":"(anonymous_11)","decl":{"start":{"line":26,"column":2},"end":{"line":26,"column":8}},"loc":{"start":{"line":26,"column":22},"end":{"line":28,"column":3}}}},"branchMap":{},"s":{"0":2,"1":2,"2":2,"3":2,"4":1,"5":1,"6":2,"7":1,"8":2,"9":1,"10":2,"11":2},"f":{"0":2,"1":1,"2":1,"3":1,"4":1},"b":{}}
,"C:\\Users\\USER\\Desktop\\Projects\\typescript projects\\agpaytech\\src\\services\\databaseService\\MongoDb.ts": {"path":"C:\\Users\\USER\\Desktop\\Projects\\typescript projects\\agpaytech\\src\\services\\databaseService\\MongoDb.ts","statementMap":{"0":{"start":{"line":1,"column":0},"end":{"line":1,"column":23}},"1":{"start":{"line":2,"column":0},"end":{"line":2,"column":32}},"2":{"start":{"line":6,"column":2},"end":{"line":6,"column":null}},"3":{"start":{"line":9,"column":4},"end":{"line":9,"column":43}},"4":{"start":{"line":13,"column":4},"end":{"line":13,"column":47}},"5":{"start":{"line":14,"column":4},"end":{"line":19,"column":null}},"6":{"start":{"line":15,"column":6},"end":{"line":15,"column":42}},"7":{"start":{"line":16,"column":6},"end":{"line":16,"column":63}},"8":{"start":{"line":18,"column":6},"end":{"line":18,"column":27}},"9":{"start":{"line":23,"column":4},"end":{"line":23,"column":32}},"10":{"start":{"line":5,"column":0},"end":{"line":5,"column":21}}},"fnMap":{"0":{"name":"(anonymous_8)","decl":{"start":{"line":8,"column":2},"end":{"line":8,"column":null}},"loc":{"start":{"line":8,"column":2},"end":{"line":10,"column":3}}},"1":{"name":"(anonymous_9)","decl":{"start":{"line":12,"column":8},"end":{"line":12,"column":15}},"loc":{"start":{"line":12,"column":15},"end":{"line":20,"column":null}}},"2":{"name":"(anonymous_11)","decl":{"start":{"line":22,"column":8},"end":{"line":22,"column":18}},"loc":{"start":{"line":22,"column":18},"end":{"line":24,"column":null}}}},"branchMap":{"0":{"loc":{"start":{"line":9,"column":18},"end":{"line":9,"column":42}},"type":"binary-expr","locations":[{"start":{"line":9,"column":18},"end":{"line":9,"column":36}},{"start":{"line":9,"column":40},"end":{"line":9,"column":42}}]}},"s":{"0":1,"1":1,"2":2,"3":2,"4":2,"5":2,"6":2,"7":1,"8":1,"9":1,"10":1},"f":{"0":2,"1":2,"2":1},"b":{"0":[2,0]}}
,"C:\\Users\\USER\\Desktop\\Projects\\typescript projects\\agpaytech\\src\\utils\\index.ts": {"path":"C:\\Users\\USER\\Desktop\\Projects\\typescript projects\\agpaytech\\src\\utils\\index.ts","statementMap":{"0":{"start":{"line":1,"column":0},"end":{"line":1,"column":9}},"1":{"start":{"line":6,"column":9},"end":{"line":1,"column":44}},"2":{"start":{"line":2,"column":0},"end":{"line":2,"column":7}},"3":{"start":{"line":6,"column":22},"end":{"line":2,"column":34}},"4":{"start":{"line":3,"column":0},"end":{"line":3,"column":7}},"5":{"start":{"line":6,"column":32},"end":{"line":3,"column":38}},"6":{"start":{"line":4,"column":0},"end":{"line":4,"column":7}},"7":{"start":{"line":6,"column":44},"end":{"line":4,"column":34}}},"fnMap":{"0":{"name":"(anonymous_1)","decl":{"start":{"line":6,"column":9},"end":{"line":6,"column":20}},"loc":{"start":{"line":6,"column":9},"end":{"line":1,"column":44}}}},"branchMap":{},"s":{"0":8,"1":8,"2":8,"3":8,"4":8,"5":8,"6":8,"7":8},"f":{"0":0},"b":{}}
,"C:\\Users\\USER\\Desktop\\Projects\\typescript projects\\agpaytech\\src\\utils\\parseCSV.ts": {"path":"C:\\Users\\USER\\Desktop\\Projects\\typescript projects\\agpaytech\\src\\utils\\parseCSV.ts","statementMap":{"0":{"start":{"line":1,"column":0},"end":{"line":1,"column":38}},"1":{"start":{"line":2,"column":0},"end":{"line":2,"column":28}},"2":{"start":{"line":4,"column":17},"end":{"line":11,"column":2}},"3":{"start":{"line":4,"column":44},"end":{"line":11,"column":2}},"4":{"start":{"line":5,"column":2},"end":{"line":10,"column":null}},"5":{"start":{"line":6,"column":17},"end":{"line":6,"column":47}},"6":{"start":{"line":7,"column":4},"end":{"line":7,"column":16}},"7":{"start":{"line":9,"column":4},"end":{"line":9,"column":34}},"8":{"start":{"line":13,"column":0},"end":{"line":13,"column":24}}},"fnMap":{"0":{"name":"(anonymous_8)","decl":{"start":{"line":4,"column":17},"end":{"line":4,"column":24}},"loc":{"start":{"line":4,"column":44},"end":{"line":11,"column":2}}},"1":{"name":"(anonymous_9)","decl":{"start":{"line":4,"column":44},"end":{"line":4,"column":null}},"loc":{"start":{"line":4,"column":44},"end":{"line":11,"column":1}}}},"branchMap":{},"s":{"0":9,"1":9,"2":9,"3":2,"4":2,"5":2,"6":1,"7":1,"8":9},"f":{"0":2,"1":2},"b":{}}
,"C:\\Users\\USER\\Desktop\\Projects\\typescript projects\\agpaytech\\src\\utils\\parseError.ts": {"path":"C:\\Users\\USER\\Desktop\\Projects\\typescript projects\\agpaytech\\src\\utils\\parseError.ts","statementMap":{"0":{"start":{"line":3,"column":19},"end":{"line":20,"column":1}},"1":{"start":{"line":7,"column":48},"end":{"line":11,"column":4}},"2":{"start":{"line":13,"column":2},"end":{"line":13,"column":23}},"3":{"start":{"line":14,"column":2},"end":{"line":14,"column":21}},"4":{"start":{"line":16,"column":2},"end":{"line":18,"column":46}},"5":{"start":{"line":17,"column":4},"end":{"line":17,"column":33}},"6":{"start":{"line":18,"column":9},"end":{"line":18,"column":46}},"7":{"start":{"line":19,"column":2},"end":{"line":19,"column":16}},"8":{"start":{"line":22,"column":0},"end":{"line":22,"column":26}}},"fnMap":{"0":{"name":"(anonymous_0)","decl":{"start":{"line":3,"column":19},"end":{"line":3,"column":null}},"loc":{"start":{"line":6,"column":35},"end":{"line":20,"column":1}}}},"branchMap":{"0":{"loc":{"start":{"line":16,"column":2},"end":{"line":18,"column":46}},"type":"if","locations":[{"start":{"line":16,"column":2},"end":{"line":18,"column":46}},{"start":{"line":18,"column":9},"end":{"line":18,"column":46}}]}},"s":{"0":10,"1":14,"2":14,"3":14,"4":14,"5":3,"6":11,"7":14,"8":10},"f":{"0":14},"b":{"0":[3,11]}}
,"C:\\Users\\USER\\Desktop\\Projects\\typescript projects\\agpaytech\\src\\utils\\saveFile.ts": {"path":"C:\\Users\\USER\\Desktop\\Projects\\typescript projects\\agpaytech\\src\\utils\\saveFile.ts","statementMap":{"0":{"start":{"line":3,"column":0},"end":{"line":3,"column":24}},"1":{"start":{"line":5,"column":0},"end":{"line":5,"column":38}},"2":{"start":{"line":7,"column":19},"end":{"line":7,"column":60}},"3":{"start":{"line":9,"column":17},"end":{"line":16,"column":2}},"4":{"start":{"line":10,"column":2},"end":{"line":15,"column":null}},"5":{"start":{"line":11,"column":4},"end":{"line":11,"column":42}},"6":{"start":{"line":13,"column":4},"end":{"line":13,"column":25}},"7":{"start":{"line":14,"column":4},"end":{"line":14,"column":34}},"8":{"start":{"line":18,"column":0},"end":{"line":18,"column":24}}},"fnMap":{"0":{"name":"(anonymous_8)","decl":{"start":{"line":9,"column":17},"end":{"line":9,"column":33}},"loc":{"start":{"line":9,"column":62},"end":{"line":16,"column":2}}}},"branchMap":{},"s":{"0":9,"1":9,"2":9,"3":9,"4":2,"5":2,"6":1,"7":1,"8":9},"f":{"0":2},"b":{}}
,"C:\\Users\\USER\\Desktop\\Projects\\typescript projects\\agpaytech\\src\\utils\\validateEnv.ts": {"path":"C:\\Users\\USER\\Desktop\\Projects\\typescript projects\\agpaytech\\src\\utils\\validateEnv.ts","statementMap":{"0":{"start":{"line":1,"column":0},"end":{"line":1,"column":46}},"1":{"start":{"line":3,"column":27},"end":{"line":8,"column":1}},"2":{"start":{"line":4,"column":2},"end":{"line":7,"column":5}},"3":{"start":{"line":3,"column":13},"end":{"line":3,"column":27}}},"fnMap":{"0":{"name":"(anonymous_0)","decl":{"start":{"line":3,"column":27},"end":{"line":3,"column":30}},"loc":{"start":{"line":3,"column":32},"end":{"line":8,"column":1}}}},"branchMap":{},"s":{"0":9,"1":9,"2":1,"3":9},"f":{"0":1},"b":{}}
,"C:\\Users\\USER\\Desktop\\Projects\\typescript projects\\agpaytech\\src\\validation\\index.ts": {"path":"C:\\Users\\USER\\Desktop\\Projects\\typescript projects\\agpaytech\\src\\validation\\index.ts","statementMap":{"0":{"start":{"line":1,"column":0},"end":{"line":1,"column":7}},"1":{"start":{"line":4,"column":9},"end":{"line":1,"column":48}},"2":{"start":{"line":2,"column":0},"end":{"line":2,"column":7}},"3":{"start":{"line":4,"column":26},"end":{"line":2,"column":50}}},"fnMap":{},"branchMap":{},"s":{"0":4,"1":4,"2":4,"3":4},"f":{},"b":{}}
,"C:\\Users\\USER\\Desktop\\Projects\\typescript projects\\agpaytech\\src\\validation\\validateCountry.ts": {"path":"C:\\Users\\USER\\Desktop\\Projects\\typescript projects\\agpaytech\\src\\validation\\validateCountry.ts","statementMap":{"0":{"start":{"line":1,"column":0},"end":{"line":1,"column":22}},"1":{"start":{"line":3,"column":13},"end":{"line":15,"column":3}},"2":{"start":{"line":17,"column":31},"end":{"line":19,"column":1}},"3":{"start":{"line":18,"column":2},"end":{"line":18,"column":57}},"4":{"start":{"line":17,"column":13},"end":{"line":17,"column":31}},"5":{"start":{"line":21,"column":0},"end":{"line":21,"column":31}}},"fnMap":{"0":{"name":"(anonymous_1)","decl":{"start":{"line":17,"column":31},"end":{"line":17,"column":32}},"loc":{"start":{"line":17,"column":48},"end":{"line":19,"column":1}}}},"branchMap":{},"s":{"0":5,"1":5,"2":5,"3":2,"4":5,"5":5},"f":{"0":2},"b":{}}
,"C:\\Users\\USER\\Desktop\\Projects\\typescript projects\\agpaytech\\src\\validation\\validateCurrency.ts": {"path":"C:\\Users\\USER\\Desktop\\Projects\\typescript projects\\agpaytech\\src\\validation\\validateCurrency.ts","statementMap":{"0":{"start":{"line":1,"column":0},"end":{"line":1,"column":22}},"1":{"start":{"line":3,"column":13},"end":{"line":9,"column":3}},"2":{"start":{"line":11,"column":32},"end":{"line":13,"column":1}},"3":{"start":{"line":12,"column":2},"end":{"line":12,"column":57}},"4":{"start":{"line":11,"column":13},"end":{"line":11,"column":32}},"5":{"start":{"line":15,"column":0},"end":{"line":15,"column":32}}},"fnMap":{"0":{"name":"(anonymous_1)","decl":{"start":{"line":11,"column":32},"end":{"line":11,"column":33}},"loc":{"start":{"line":11,"column":49},"end":{"line":13,"column":1}}}},"branchMap":{},"s":{"0":5,"1":5,"2":5,"3":2,"4":5,"5":5},"f":{"0":2},"b":{}}
}
