{"C:\\Users\\USER\\Desktop\\Projects\\typescript projects\\agpaytech\\src\\helpers\\index.ts": {"path":"C:\\Users\\USER\\Desktop\\Projects\\typescript projects\\agpaytech\\src\\helpers\\index.ts","statementMap":{"0":{"start":{"line":1,"column":0},"end":{"line":1,"column":7}},"1":{"start":{"line":6,"column":9},"end":{"line":1,"column":52}},"2":{"start":{"line":2,"column":0},"end":{"line":2,"column":7}},"3":{"start":{"line":6,"column":23},"end":{"line":2,"column":54}},"4":{"start":{"line":3,"column":0},"end":{"line":3,"column":7}},"5":{"start":{"line":6,"column":38},"end":{"line":3,"column":55}},"6":{"start":{"line":4,"column":0},"end":{"line":4,"column":7}},"7":{"start":{"line":6,"column":53},"end":{"line":4,"column":57}}},"fnMap":{},"branchMap":{},"s":{"0":2,"1":2,"2":2,"3":2,"4":2,"5":2,"6":2,"7":2},"f":{},"b":{}}
,"C:\\Users\\USER\\Desktop\\Projects\\typescript projects\\agpaytech\\src\\helpers\\countries\\getCountries.ts": {"path":"C:\\Users\\USER\\Desktop\\Projects\\typescript projects\\agpaytech\\src\\helpers\\countries\\getCountries.ts","statementMap":{"0":{"start":{"line":3,"column":0},"end":{"line":3,"column":41}},"1":{"start":{"line":5,"column":0},"end":{"line":5,"column":23}},"2":{"start":{"line":7,"column":34},"end":{"line":10,"column":2}},"3":{"start":{"line":12,"column":21},"end":{"line":58,"column":2}},"4":{"start":{"line":12,"column":125},"end":{"line":58,"column":2}},"5":{"start":{"line":13,"column":22},"end":{"line":13,"column":26}},"6":{"start":{"line":14,"column":6},"end":{"line":14,"column":23}},"7":{"start":{"line":15,"column":6},"end":{"line":15,"column":24}},"8":{"start":{"line":17,"column":25},"end":{"line":17,"column":42}},"9":{"start":{"line":18,"column":23},"end":{"line":18,"column":34}},"10":{"start":{"line":19,"column":32},"end":{"line":23,"column":8}},"11":{"start":{"line":24,"column":36},"end":{"line":28,"column":8}},"12":{"start":{"line":30,"column":6},"end":{"line":57,"column":null}},"13":{"start":{"line":31,"column":12},"end":{"line":32,"column":71}},"14":{"start":{"line":32,"column":18},"end":{"line":32,"column":71}},"15":{"start":{"line":34,"column":12},"end":{"line":35,"column":101}},"16":{"start":{"line":35,"column":18},"end":{"line":35,"column":101}},"17":{"start":{"line":37,"column":12},"end":{"line":37,"column":48}},"18":{"start":{"line":39,"column":12},"end":{"line":43,"column":null}},"19":{"start":{"line":40,"column":18},"end":{"line":40,"column":39}},"20":{"start":{"line":41,"column":18},"end":{"line":41,"column":36}},"21":{"start":{"line":42,"column":18},"end":{"line":42,"column":48}},"22":{"start":{"line":45,"column":12},"end":{"line":49,"column":null}},"23":{"start":{"line":46,"column":18},"end":{"line":46,"column":43}},"24":{"start":{"line":47,"column":18},"end":{"line":47,"column":40}},"25":{"start":{"line":48,"column":18},"end":{"line":48,"column":52}},"26":{"start":{"line":51,"column":12},"end":{"line":51,"column":65}},"27":{"start":{"line":52,"column":12},"end":{"line":52,"column":78}},"28":{"start":{"line":54,"column":12},"end":{"line":54,"column":62}},"29":{"start":{"line":56,"column":12},"end":{"line":56,"column":58}},"30":{"start":{"line":60,"column":0},"end":{"line":60,"column":28}}},"fnMap":{"0":{"name":"(anonymous_8)","decl":{"start":{"line":12,"column":21},"end":{"line":12,"column":28}},"loc":{"start":{"line":12,"column":125},"end":{"line":58,"column":2}}},"1":{"name":"(anonymous_9)","decl":{"start":{"line":12,"column":125},"end":{"line":12,"column":null}},"loc":{"start":{"line":12,"column":125},"end":{"line":58,"column":1}}}},"branchMap":{"0":{"loc":{"start":{"line":14,"column":13},"end":{"line":14,"column":22}},"type":"binary-expr","locations":[{"start":{"line":14,"column":13},"end":{"line":14,"column":17}},{"start":{"line":14,"column":21},"end":{"line":14,"column":22}}]},"1":{"loc":{"start":{"line":15,"column":13},"end":{"line":15,"column":23}},"type":"binary-expr","locations":[{"start":{"line":15,"column":13},"end":{"line":15,"column":17}},{"start":{"line":15,"column":21},"end":{"line":15,"column":23}}]},"2":{"loc":{"start":{"line":31,"column":12},"end":{"line":32,"column":71}},"type":"if","locations":[{"start":{"line":31,"column":12},"end":{"line":32,"column":71}}]},"3":{"loc":{"start":{"line":31,"column":15},"end":{"line":31,"column":37}},"type":"binary-expr","locations":[{"start":{"line":31,"column":15},"end":{"line":31,"column":24}},{"start":{"line":31,"column":28},"end":{"line":31,"column":37}}]},"4":{"loc":{"start":{"line":39,"column":12},"end":{"line":43,"column":null}},"type":"if","locations":[{"start":{"line":39,"column":12},"end":{"line":43,"column":null}}]},"5":{"loc":{"start":{"line":45,"column":12},"end":{"line":49,"column":null}},"type":"if","locations":[{"start":{"line":45,"column":12},"end":{"line":49,"column":null}}]}},"s":{"0":3,"1":3,"2":3,"3":3,"4":8,"5":8,"6":8,"7":8,"8":8,"9":8,"10":8,"11":8,"12":8,"13":8,"14":1,"15":7,"16":1,"17":7,"18":7,"19":2,"20":2,"21":2,"22":7,"23":2,"24":2,"25":2,"26":7,"27":7,"28":7,"29":1,"30":3},"f":{"0":8,"1":8},"b":{"0":[8,1],"1":[8,1],"2":[1],"3":[8,7],"4":[2],"5":[2]}}
,"C:\\Users\\USER\\Desktop\\Projects\\typescript projects\\agpaytech\\src\\helpers\\countries\\saveCountries.ts": {"path":"C:\\Users\\USER\\Desktop\\Projects\\typescript projects\\agpaytech\\src\\helpers\\countries\\saveCountries.ts","statementMap":{"0":{"start":{"line":3,"column":0},"end":{"line":3,"column":41}},"1":{"start":{"line":5,"column":34},"end":{"line":8,"column":2}},"2":{"start":{"line":10,"column":29},"end":{"line":21,"column":2}},"3":{"start":{"line":14,"column":2},"end":{"line":20,"column":null}},"4":{"start":{"line":15,"column":4},"end":{"line":15,"column":38}},"5":{"start":{"line":16,"column":4},"end":{"line":16,"column":34}},"6":{"start":{"line":17,"column":4},"end":{"line":17,"column":54}},"7":{"start":{"line":19,"column":4},"end":{"line":19,"column":50}},"8":{"start":{"line":10,"column":13},"end":{"line":10,"column":29}},"9":{"start":{"line":23,"column":0},"end":{"line":23,"column":29}}},"fnMap":{"0":{"name":"(anonymous_7)","decl":{"start":{"line":10,"column":29},"end":{"line":10,"column":null}},"loc":{"start":{"line":12,"column":24},"end":{"line":21,"column":2}}}},"branchMap":{},"s":{"0":3,"1":3,"2":3,"3":2,"4":2,"5":1,"6":1,"7":1,"8":3,"9":3},"f":{"0":2},"b":{}}
,"C:\\Users\\USER\\Desktop\\Projects\\typescript projects\\agpaytech\\src\\helpers\\currencies\\getCurrencies.ts": {"path":"C:\\Users\\USER\\Desktop\\Projects\\typescript projects\\agpaytech\\src\\helpers\\currencies\\getCurrencies.ts","statementMap":{"0":{"start":{"line":3,"column":0},"end":{"line":3,"column":41}},"1":{"start":{"line":5,"column":0},"end":{"line":5,"column":23}},"2":{"start":{"line":7,"column":35},"end":{"line":10,"column":2}},"3":{"start":{"line":12,"column":22},"end":{"line":59,"column":2}},"4":{"start":{"line":12,"column":128},"end":{"line":59,"column":2}},"5":{"start":{"line":13,"column":23},"end":{"line":13,"column":27}},"6":{"start":{"line":14,"column":6},"end":{"line":14,"column":23}},"7":{"start":{"line":15,"column":6},"end":{"line":15,"column":24}},"8":{"start":{"line":17,"column":25},"end":{"line":17,"column":42}},"9":{"start":{"line":18,"column":23},"end":{"line":18,"column":34}},"10":{"start":{"line":19,"column":32},"end":{"line":23,"column":8}},"11":{"start":{"line":24,"column":36},"end":{"line":28,"column":8}},"12":{"start":{"line":30,"column":6},"end":{"line":58,"column":null}},"13":{"start":{"line":31,"column":12},"end":{"line":32,"column":71}},"14":{"start":{"line":32,"column":18},"end":{"line":32,"column":71}},"15":{"start":{"line":34,"column":12},"end":{"line":36,"column":null}},"16":{"start":{"line":35,"column":18},"end":{"line":35,"column":101}},"17":{"start":{"line":38,"column":12},"end":{"line":38,"column":49}},"18":{"start":{"line":40,"column":12},"end":{"line":44,"column":null}},"19":{"start":{"line":41,"column":18},"end":{"line":41,"column":39}},"20":{"start":{"line":42,"column":18},"end":{"line":42,"column":36}},"21":{"start":{"line":43,"column":18},"end":{"line":43,"column":49}},"22":{"start":{"line":46,"column":12},"end":{"line":50,"column":null}},"23":{"start":{"line":47,"column":18},"end":{"line":47,"column":43}},"24":{"start":{"line":48,"column":18},"end":{"line":48,"column":40}},"25":{"start":{"line":49,"column":18},"end":{"line":49,"column":53}},"26":{"start":{"line":52,"column":12},"end":{"line":52,"column":67}},"27":{"start":{"line":53,"column":12},"end":{"line":53,"column":79}},"28":{"start":{"line":55,"column":12},"end":{"line":55,"column":63}},"29":{"start":{"line":57,"column":12},"end":{"line":57,"column":59}},"30":{"start":{"line":60,"column":0},"end":{"line":60,"column":29}}},"fnMap":{"0":{"name":"(anonymous_8)","decl":{"start":{"line":12,"column":22},"end":{"line":12,"column":29}},"loc":{"start":{"line":12,"column":128},"end":{"line":59,"column":2}}},"1":{"name":"(anonymous_9)","decl":{"start":{"line":12,"column":128},"end":{"line":12,"column":null}},"loc":{"start":{"line":12,"column":128},"end":{"line":59,"column":1}}}},"branchMap":{"0":{"loc":{"start":{"line":14,"column":13},"end":{"line":14,"column":22}},"type":"binary-expr","locations":[{"start":{"line":14,"column":13},"end":{"line":14,"column":17}},{"start":{"line":14,"column":21},"end":{"line":14,"column":22}}]},"1":{"loc":{"start":{"line":15,"column":13},"end":{"line":15,"column":23}},"type":"binary-expr","locations":[{"start":{"line":15,"column":13},"end":{"line":15,"column":17}},{"start":{"line":15,"column":21},"end":{"line":15,"column":23}}]},"2":{"loc":{"start":{"line":31,"column":12},"end":{"line":32,"column":71}},"type":"if","locations":[{"start":{"line":31,"column":12},"end":{"line":32,"column":71}}]},"3":{"loc":{"start":{"line":31,"column":15},"end":{"line":31,"column":37}},"type":"binary-expr","locations":[{"start":{"line":31,"column":15},"end":{"line":31,"column":24}},{"start":{"line":31,"column":28},"end":{"line":31,"column":37}}]},"4":{"loc":{"start":{"line":40,"column":12},"end":{"line":44,"column":null}},"type":"if","locations":[{"start":{"line":40,"column":12},"end":{"line":44,"column":null}}]},"5":{"loc":{"start":{"line":46,"column":12},"end":{"line":50,"column":null}},"type":"if","locations":[{"start":{"line":46,"column":12},"end":{"line":50,"column":null}}]}},"s":{"0":3,"1":3,"2":3,"3":3,"4":8,"5":8,"6":8,"7":8,"8":8,"9":8,"10":8,"11":8,"12":8,"13":8,"14":1,"15":7,"16":1,"17":7,"18":7,"19":2,"20":2,"21":2,"22":7,"23":2,"24":2,"25":2,"26":7,"27":7,"28":7,"29":1,"30":3},"f":{"0":8,"1":8},"b":{"0":[8,1],"1":[8,1],"2":[1],"3":[8,7],"4":[2],"5":[2]}}
,"C:\\Users\\USER\\Desktop\\Projects\\typescript projects\\agpaytech\\src\\helpers\\currencies\\saveCurrencies.ts": {"path":"C:\\Users\\USER\\Desktop\\Projects\\typescript projects\\agpaytech\\src\\helpers\\currencies\\saveCurrencies.ts","statementMap":{"0":{"start":{"line":3,"column":0},"end":{"line":3,"column":41}},"1":{"start":{"line":5,"column":35},"end":{"line":8,"column":2}},"2":{"start":{"line":10,"column":30},"end":{"line":21,"column":2}},"3":{"start":{"line":14,"column":2},"end":{"line":20,"column":null}},"4":{"start":{"line":15,"column":4},"end":{"line":15,"column":38}},"5":{"start":{"line":16,"column":4},"end":{"line":16,"column":34}},"6":{"start":{"line":17,"column":4},"end":{"line":17,"column":55}},"7":{"start":{"line":19,"column":4},"end":{"line":19,"column":51}},"8":{"start":{"line":10,"column":13},"end":{"line":10,"column":30}},"9":{"start":{"line":23,"column":0},"end":{"line":23,"column":30}}},"fnMap":{"0":{"name":"(anonymous_7)","decl":{"start":{"line":10,"column":30},"end":{"line":10,"column":null}},"loc":{"start":{"line":12,"column":25},"end":{"line":21,"column":2}}}},"branchMap":{},"s":{"0":3,"1":3,"2":3,"3":2,"4":2,"5":1,"6":1,"7":1,"8":3,"9":3},"f":{"0":2},"b":{}}
,"C:\\Users\\USER\\Desktop\\Projects\\typescript projects\\agpaytech\\src\\models\\CountryModel.ts": {"path":"C:\\Users\\USER\\Desktop\\Projects\\typescript projects\\agpaytech\\src\\models\\CountryModel.ts","statementMap":{"0":{"start":{"line":1,"column":0},"end":{"line":1,"column":48}},"1":{"start":{"line":4,"column":22},"end":{"line":16,"column":2}},"2":{"start":{"line":18,"column":38},"end":{"line":18,"column":79}},"3":{"start":{"line":19,"column":9},"end":{"line":19,"column":21}}},"fnMap":{},"branchMap":{},"s":{"0":6,"1":6,"2":6,"3":6},"f":{},"b":{}}
,"C:\\Users\\USER\\Desktop\\Projects\\typescript projects\\agpaytech\\src\\models\\CurrencyModel.ts": {"path":"C:\\Users\\USER\\Desktop\\Projects\\typescript projects\\agpaytech\\src\\models\\CurrencyModel.ts","statementMap":{"0":{"start":{"line":1,"column":0},"end":{"line":1,"column":41}},"1":{"start":{"line":4,"column":23},"end":{"line":10,"column":2}},"2":{"start":{"line":12,"column":22},"end":{"line":12,"column":66}},"3":{"start":{"line":13,"column":9},"end":{"line":13,"column":22}}},"fnMap":{},"branchMap":{},"s":{"0":6,"1":6,"2":6,"3":6},"f":{},"b":{}}
,"C:\\Users\\USER\\Desktop\\Projects\\typescript projects\\agpaytech\\src\\models\\index.ts": {"path":"C:\\Users\\USER\\Desktop\\Projects\\typescript projects\\agpaytech\\src\\models\\index.ts","statementMap":{"0":{"start":{"line":1,"column":0},"end":{"line":1,"column":9}},"1":{"start":{"line":4,"column":9},"end":{"line":1,"column":46}},"2":{"start":{"line":2,"column":0},"end":{"line":2,"column":9}},"3":{"start":{"line":4,"column":23},"end":{"line":2,"column":48}}},"fnMap":{"0":{"name":"(anonymous_0)","decl":{"start":{"line":4,"column":9},"end":{"line":4,"column":21}},"loc":{"start":{"line":4,"column":9},"end":{"line":1,"column":46}}},"1":{"name":"(anonymous_1)","decl":{"start":{"line":4,"column":23},"end":{"line":4,"column":36}},"loc":{"start":{"line":4,"column":23},"end":{"line":2,"column":48}}}},"branchMap":{},"s":{"0":6,"1":38,"2":6,"3":38},"f":{"0":32,"1":32},"b":{}}
,"C:\\Users\\USER\\Desktop\\Projects\\typescript projects\\agpaytech\\src\\services\\index.ts": {"path":"C:\\Users\\USER\\Desktop\\Projects\\typescript projects\\agpaytech\\src\\services\\index.ts","statementMap":{"0":{"start":{"line":1,"column":0},"end":{"line":1,"column":7}},"1":{"start":{"line":4,"column":9},"end":{"line":1,"column":67}},"2":{"start":{"line":2,"column":0},"end":{"line":2,"column":7}},"3":{"start":{"line":4,"column":27},"end":{"line":2,"column":70}}},"fnMap":{},"branchMap":{},"s":{"0":2,"1":2,"2":2,"3":2},"f":{},"b":{}}
,"C:\\Users\\USER\\Desktop\\Projects\\typescript projects\\agpaytech\\src\\services\\countriesService\\countriesService.ts": {"path":"C:\\Users\\USER\\Desktop\\Projects\\typescript projects\\agpaytech\\src\\services\\countriesService\\countriesService.ts","statementMap":{"0":{"start":{"line":4,"column":0},"end":{"line":4,"column":44}},"1":{"start":{"line":5,"column":0},"end":{"line":5,"column":60}},"2":{"start":{"line":8,"column":2},"end":{"line":8,"column":null}},"3":{"start":{"line":11,"column":4},"end":{"line":11,"column":24}},"4":{"start":{"line":19,"column":4},"end":{"line":19,"column":56}},"5":{"start":{"line":23,"column":4},"end":{"line":23,"column":44}},"6":{"start":{"line":7,"column":0},"end":{"line":7,"column":13}},"7":{"start":{"line":50,"column":0},"end":{"line":50,"column":50}}},"fnMap":{"0":{"name":"(anonymous_7)","decl":{"start":{"line":10,"column":2},"end":{"line":10,"column":14}},"loc":{"start":{"line":10,"column":36},"end":{"line":12,"column":3}}},"1":{"name":"(anonymous_8)","decl":{"start":{"line":14,"column":8},"end":{"line":14,"column":14}},"loc":{"start":{"line":17,"column":17},"end":{"line":20,"column":null}}},"2":{"name":"(anonymous_10)","decl":{"start":{"line":22,"column":2},"end":{"line":22,"column":10}},"loc":{"start":{"line":22,"column":27},"end":{"line":24,"column":3}}}},"branchMap":{},"s":{"0":2,"1":2,"2":2,"3":2,"4":1,"5":1,"6":2,"7":2},"f":{"0":2,"1":1,"2":1},"b":{}}
,"C:\\Users\\USER\\Desktop\\Projects\\typescript projects\\agpaytech\\src\\services\\currenciesService\\currenciesService.ts": {"path":"C:\\Users\\USER\\Desktop\\Projects\\typescript projects\\agpaytech\\src\\services\\currenciesService\\currenciesService.ts","statementMap":{"0":{"start":{"line":4,"column":0},"end":{"line":4,"column":45}},"1":{"start":{"line":5,"column":0},"end":{"line":5,"column":62}},"2":{"start":{"line":8,"column":2},"end":{"line":8,"column":null}},"3":{"start":{"line":14,"column":2},"end":{"line":20,"column":null}},"4":{"start":{"line":18,"column":35},"end":{"line":20,"column":4}},"5":{"start":{"line":19,"column":4},"end":{"line":19,"column":57}},"6":{"start":{"line":22,"column":2},"end":{"line":24,"column":null}},"7":{"start":{"line":23,"column":4},"end":{"line":23,"column":45}},"8":{"start":{"line":11,"column":4},"end":{"line":11,"column":24}},"9":{"start":{"line":7,"column":0},"end":{"line":7,"column":13}},"10":{"start":{"line":50,"column":0},"end":{"line":50,"column":50}}},"fnMap":{"0":{"name":"(anonymous_7)","decl":{"start":{"line":10,"column":2},"end":{"line":10,"column":14}},"loc":{"start":{"line":10,"column":37},"end":{"line":12,"column":3}}},"1":{"name":"(anonymous_8)","decl":{"start":{"line":14,"column":11},"end":{"line":14,"column":null}},"loc":{"start":{"line":18,"column":35},"end":{"line":20,"column":4}}},"2":{"name":"(anonymous_9)","decl":{"start":{"line":18,"column":35},"end":{"line":18,"column":null}},"loc":{"start":{"line":18,"column":35},"end":{"line":20,"column":3}}},"3":{"name":"(anonymous_10)","decl":{"start":{"line":22,"column":13},"end":{"line":22,"column":14}},"loc":{"start":{"line":22,"column":64},"end":{"line":24,"column":3}}}},"branchMap":{},"s":{"0":2,"1":2,"2":2,"3":2,"4":1,"5":1,"6":2,"7":1,"8":2,"9":2,"10":2},"f":{"0":2,"1":1,"2":1,"3":1},"b":{}}
,"C:\\Users\\USER\\Desktop\\Projects\\typescript projects\\agpaytech\\src\\services\\databaseService\\MongoDb.ts": {"path":"C:\\Users\\USER\\Desktop\\Projects\\typescript projects\\agpaytech\\src\\services\\databaseService\\MongoDb.ts","statementMap":{"0":{"start":{"line":1,"column":0},"end":{"line":1,"column":23}},"1":{"start":{"line":2,"column":0},"end":{"line":2,"column":32}},"2":{"start":{"line":6,"column":2},"end":{"line":6,"column":null}},"3":{"start":{"line":9,"column":4},"end":{"line":9,"column":43}},"4":{"start":{"line":13,"column":4},"end":{"line":13,"column":47}},"5":{"start":{"line":14,"column":4},"end":{"line":19,"column":null}},"6":{"start":{"line":15,"column":6},"end":{"line":15,"column":42}},"7":{"start":{"line":16,"column":6},"end":{"line":16,"column":63}},"8":{"start":{"line":18,"column":6},"end":{"line":18,"column":27}},"9":{"start":{"line":23,"column":4},"end":{"line":23,"column":32}},"10":{"start":{"line":5,"column":0},"end":{"line":5,"column":21}}},"fnMap":{"0":{"name":"(anonymous_8)","decl":{"start":{"line":8,"column":2},"end":{"line":8,"column":null}},"loc":{"start":{"line":8,"column":2},"end":{"line":10,"column":3}}},"1":{"name":"(anonymous_9)","decl":{"start":{"line":12,"column":8},"end":{"line":12,"column":15}},"loc":{"start":{"line":12,"column":15},"end":{"line":20,"column":null}}},"2":{"name":"(anonymous_11)","decl":{"start":{"line":22,"column":8},"end":{"line":22,"column":18}},"loc":{"start":{"line":22,"column":18},"end":{"line":24,"column":null}}}},"branchMap":{"0":{"loc":{"start":{"line":9,"column":18},"end":{"line":9,"column":42}},"type":"binary-expr","locations":[{"start":{"line":9,"column":18},"end":{"line":9,"column":36}},{"start":{"line":9,"column":40},"end":{"line":9,"column":42}}]}},"s":{"0":1,"1":1,"2":2,"3":2,"4":2,"5":2,"6":2,"7":1,"8":1,"9":1,"10":1},"f":{"0":2,"1":2,"2":1},"b":{"0":[2,0]}}
,"C:\\Users\\USER\\Desktop\\Projects\\typescript projects\\agpaytech\\src\\utils\\index.ts": {"path":"C:\\Users\\USER\\Desktop\\Projects\\typescript projects\\agpaytech\\src\\utils\\index.ts","statementMap":{"0":{"start":{"line":1,"column":0},"end":{"line":1,"column":9}},"1":{"start":{"line":6,"column":9},"end":{"line":1,"column":44}},"2":{"start":{"line":2,"column":0},"end":{"line":2,"column":7}},"3":{"start":{"line":6,"column":22},"end":{"line":2,"column":34}},"4":{"start":{"line":3,"column":0},"end":{"line":3,"column":7}},"5":{"start":{"line":6,"column":32},"end":{"line":3,"column":38}},"6":{"start":{"line":4,"column":0},"end":{"line":4,"column":7}},"7":{"start":{"line":6,"column":44},"end":{"line":4,"column":34}}},"fnMap":{"0":{"name":"(anonymous_1)","decl":{"start":{"line":6,"column":9},"end":{"line":6,"column":20}},"loc":{"start":{"line":6,"column":9},"end":{"line":1,"column":44}}}},"branchMap":{},"s":{"0":6,"1":6,"2":6,"3":6,"4":6,"5":6,"6":6,"7":6},"f":{"0":0},"b":{}}
,"C:\\Users\\USER\\Desktop\\Projects\\typescript projects\\agpaytech\\src\\utils\\parseCSV.ts": {"path":"C:\\Users\\USER\\Desktop\\Projects\\typescript projects\\agpaytech\\src\\utils\\parseCSV.ts","statementMap":{"0":{"start":{"line":1,"column":0},"end":{"line":1,"column":38}},"1":{"start":{"line":2,"column":0},"end":{"line":2,"column":28}},"2":{"start":{"line":4,"column":17},"end":{"line":11,"column":2}},"3":{"start":{"line":4,"column":44},"end":{"line":11,"column":2}},"4":{"start":{"line":5,"column":2},"end":{"line":10,"column":null}},"5":{"start":{"line":6,"column":17},"end":{"line":6,"column":47}},"6":{"start":{"line":7,"column":4},"end":{"line":7,"column":16}},"7":{"start":{"line":9,"column":4},"end":{"line":9,"column":29}},"8":{"start":{"line":13,"column":0},"end":{"line":13,"column":24}}},"fnMap":{"0":{"name":"(anonymous_8)","decl":{"start":{"line":4,"column":17},"end":{"line":4,"column":24}},"loc":{"start":{"line":4,"column":44},"end":{"line":11,"column":2}}},"1":{"name":"(anonymous_9)","decl":{"start":{"line":4,"column":44},"end":{"line":4,"column":null}},"loc":{"start":{"line":4,"column":44},"end":{"line":11,"column":1}}}},"branchMap":{},"s":{"0":7,"1":7,"2":7,"3":2,"4":2,"5":2,"6":1,"7":1,"8":7},"f":{"0":2,"1":2},"b":{}}
,"C:\\Users\\USER\\Desktop\\Projects\\typescript projects\\agpaytech\\src\\utils\\parseError.ts": {"path":"C:\\Users\\USER\\Desktop\\Projects\\typescript projects\\agpaytech\\src\\utils\\parseError.ts","statementMap":{"0":{"start":{"line":3,"column":46},"end":{"line":6,"column":2}},"1":{"start":{"line":8,"column":19},"end":{"line":16,"column":1}},"2":{"start":{"line":9,"column":2},"end":{"line":9,"column":23}},"3":{"start":{"line":10,"column":2},"end":{"line":10,"column":21}},"4":{"start":{"line":12,"column":2},"end":{"line":14,"column":46}},"5":{"start":{"line":13,"column":4},"end":{"line":13,"column":33}},"6":{"start":{"line":14,"column":9},"end":{"line":14,"column":46}},"7":{"start":{"line":15,"column":2},"end":{"line":15,"column":16}},"8":{"start":{"line":18,"column":0},"end":{"line":18,"column":26}}},"fnMap":{"0":{"name":"(anonymous_0)","decl":{"start":{"line":8,"column":19},"end":{"line":8,"column":20}},"loc":{"start":{"line":8,"column":69},"end":{"line":16,"column":1}}}},"branchMap":{"0":{"loc":{"start":{"line":12,"column":2},"end":{"line":14,"column":46}},"type":"if","locations":[{"start":{"line":12,"column":2},"end":{"line":14,"column":46}},{"start":{"line":14,"column":9},"end":{"line":14,"column":46}}]}},"s":{"0":8,"1":8,"2":6,"3":6,"4":6,"5":3,"6":3,"7":6,"8":8},"f":{"0":6},"b":{"0":[3,3]}}
,"C:\\Users\\USER\\Desktop\\Projects\\typescript projects\\agpaytech\\src\\utils\\saveFile.ts": {"path":"C:\\Users\\USER\\Desktop\\Projects\\typescript projects\\agpaytech\\src\\utils\\saveFile.ts","statementMap":{"0":{"start":{"line":3,"column":0},"end":{"line":3,"column":24}},"1":{"start":{"line":5,"column":0},"end":{"line":5,"column":38}},"2":{"start":{"line":7,"column":19},"end":{"line":7,"column":60}},"3":{"start":{"line":9,"column":17},"end":{"line":16,"column":2}},"4":{"start":{"line":10,"column":2},"end":{"line":15,"column":null}},"5":{"start":{"line":11,"column":4},"end":{"line":11,"column":42}},"6":{"start":{"line":13,"column":4},"end":{"line":13,"column":25}},"7":{"start":{"line":14,"column":4},"end":{"line":14,"column":29}},"8":{"start":{"line":18,"column":0},"end":{"line":18,"column":24}}},"fnMap":{"0":{"name":"(anonymous_8)","decl":{"start":{"line":9,"column":17},"end":{"line":9,"column":33}},"loc":{"start":{"line":9,"column":62},"end":{"line":16,"column":2}}}},"branchMap":{},"s":{"0":7,"1":7,"2":7,"3":7,"4":2,"5":2,"6":1,"7":1,"8":7},"f":{"0":2},"b":{}}
,"C:\\Users\\USER\\Desktop\\Projects\\typescript projects\\agpaytech\\src\\utils\\validateEnv.ts": {"path":"C:\\Users\\USER\\Desktop\\Projects\\typescript projects\\agpaytech\\src\\utils\\validateEnv.ts","statementMap":{"0":{"start":{"line":1,"column":0},"end":{"line":1,"column":46}},"1":{"start":{"line":3,"column":27},"end":{"line":8,"column":1}},"2":{"start":{"line":4,"column":2},"end":{"line":7,"column":5}},"3":{"start":{"line":3,"column":13},"end":{"line":3,"column":27}}},"fnMap":{"0":{"name":"(anonymous_0)","decl":{"start":{"line":3,"column":27},"end":{"line":3,"column":30}},"loc":{"start":{"line":3,"column":32},"end":{"line":8,"column":1}}}},"branchMap":{},"s":{"0":7,"1":7,"2":1,"3":7},"f":{"0":1},"b":{}}
}
