TN:
SF:src\helpers\index.ts
FNF:0
FNH:0
DA:1,2
DA:2,2
DA:3,2
DA:4,2
DA:5,2
DA:6,2
DA:9,2
DA:10,2
DA:11,2
DA:12,2
DA:13,2
DA:14,2
LF:12
LH:12
BRF:0
BRH:0
end_of_record
TN:
SF:src\helpers\countries\deleteCountries.ts
FN:12,(anonymous_7)
FN:12,(anonymous_8)
FNF:2
FNH:2
FNDA:4,(anonymous_7)
FNDA:4,(anonymous_8)
DA:3,3
DA:6,3
DA:12,4
DA:13,4
DA:15,4
DA:17,4
DA:18,1
DA:20,4
DA:22,4
DA:24,3
DA:25,1
DA:27,1
DA:29,2
DA:33,3
LF:14
LH:14
BRDA:22,0,0,1
BRF:1
BRH:1
end_of_record
TN:
SF:src\helpers\countries\getCountries.ts
FN:13,(anonymous_8)
FN:13,(anonymous_9)
FNF:2
FNH:2
FNDA:8,(anonymous_8)
FNDA:8,(anonymous_9)
DA:3,3
DA:5,3
DA:7,3
DA:13,8
DA:14,8
DA:15,8
DA:16,8
DA:18,8
DA:19,8
DA:20,8
DA:25,8
DA:31,8
DA:32,8
DA:33,1
DA:35,7
DA:36,1
DA:38,7
DA:40,7
DA:41,2
DA:42,2
DA:43,2
DA:46,7
DA:47,2
DA:48,2
DA:49,2
DA:52,7
DA:53,7
DA:55,7
DA:57,1
DA:61,3
LF:30
LH:30
BRDA:15,0,0,8
BRDA:15,0,1,1
BRDA:16,1,0,8
BRDA:16,1,1,1
BRDA:32,2,0,1
BRDA:32,3,0,8
BRDA:32,3,1,7
BRDA:40,4,0,2
BRDA:46,5,0,2
BRF:9
BRH:9
end_of_record
TN:
SF:src\helpers\countries\saveCountries.ts
FN:12,(anonymous_7)
FNF:1
FNH:1
FNDA:3,(anonymous_7)
DA:3,3
DA:4,3
DA:6,3
DA:12,3
DA:16,3
DA:17,3
DA:18,4
DA:19,4
DA:22,1
DA:23,1
DA:24,1
DA:26,2
DA:30,3
LF:13
LH:13
BRDA:19,0,0,2
BRF:1
BRH:1
end_of_record
TN:
SF:src\helpers\currencies\deleteCurrencies.ts
FN:12,(anonymous_7)
FN:12,(anonymous_8)
FNF:2
FNH:2
FNDA:4,(anonymous_7)
FNDA:4,(anonymous_8)
DA:3,3
DA:6,3
DA:12,4
DA:13,4
DA:14,4
DA:15,4
DA:17,4
DA:18,1
DA:20,4
DA:22,4
DA:24,3
DA:25,1
DA:27,1
DA:29,2
DA:33,3
LF:15
LH:15
BRDA:22,0,0,1
BRF:1
BRH:1
end_of_record
TN:
SF:src\helpers\currencies\getCurrencies.ts
FN:13,(anonymous_8)
FN:13,(anonymous_9)
FNF:2
FNH:2
FNDA:8,(anonymous_8)
FNDA:8,(anonymous_9)
DA:3,3
DA:5,3
DA:7,3
DA:13,8
DA:14,8
DA:15,8
DA:16,8
DA:18,8
DA:19,8
DA:20,8
DA:25,8
DA:31,8
DA:32,8
DA:33,1
DA:35,7
DA:36,1
DA:39,7
DA:41,7
DA:42,2
DA:43,2
DA:44,2
DA:47,7
DA:48,2
DA:49,2
DA:50,2
DA:53,7
DA:54,7
DA:56,7
DA:58,1
DA:61,3
LF:30
LH:30
BRDA:15,0,0,8
BRDA:15,0,1,1
BRDA:16,1,0,8
BRDA:16,1,1,1
BRDA:32,2,0,1
BRDA:32,3,0,8
BRDA:32,3,1,7
BRDA:41,4,0,2
BRDA:47,5,0,2
BRF:9
BRH:9
end_of_record
TN:
SF:src\helpers\currencies\saveCurrencies.ts
FN:12,(anonymous_7)
FNF:1
FNH:1
FNDA:3,(anonymous_7)
DA:3,3
DA:4,3
DA:6,3
DA:12,3
DA:16,3
DA:17,3
DA:18,4
DA:19,4
DA:22,1
DA:23,1
DA:24,1
DA:26,2
DA:30,3
LF:13
LH:13
BRDA:19,0,0,2
BRF:1
BRH:1
end_of_record
TN:
SF:src\models\CountryModel.ts
FNF:0
FNH:0
DA:1,8
DA:4,8
DA:18,8
DA:19,8
LF:4
LH:4
BRF:0
BRH:0
end_of_record
TN:
SF:src\models\CurrencyModel.ts
FNF:0
FNH:0
DA:1,8
DA:4,8
DA:12,8
DA:13,8
LF:4
LH:4
BRF:0
BRH:0
end_of_record
TN:
SF:src\models\index.ts
FN:4,(anonymous_0)
FN:4,(anonymous_1)
FNF:2
FNH:2
FNDA:50,(anonymous_0)
FNDA:50,(anonymous_1)
DA:1,8
DA:2,8
DA:4,58
LF:3
LH:3
BRF:0
BRH:0
end_of_record
TN:
SF:src\services\index.ts
FNF:0
FNH:0
DA:1,2
DA:2,2
DA:4,2
LF:3
LH:3
BRF:0
BRH:0
end_of_record
TN:
SF:src\services\countriesService\countriesService.ts
FN:10,(anonymous_7)
FN:14,(anonymous_8)
FN:22,(anonymous_10)
FN:26,(anonymous_11)
FNF:4
FNH:4
FNDA:2,(anonymous_7)
FNDA:1,(anonymous_8)
FNDA:1,(anonymous_10)
FNDA:1,(anonymous_11)
DA:4,2
DA:5,2
DA:7,2
DA:8,2
DA:11,2
DA:19,1
DA:23,1
DA:27,1
DA:31,2
LF:9
LH:9
BRF:0
BRH:0
end_of_record
TN:
SF:src\services\currenciesService\currenciesService.ts
FN:10,(anonymous_7)
FN:14,(anonymous_8)
FN:18,(anonymous_9)
FN:22,(anonymous_10)
FN:26,(anonymous_11)
FNF:5
FNH:5
FNDA:2,(anonymous_7)
FNDA:1,(anonymous_8)
FNDA:1,(anonymous_9)
FNDA:1,(anonymous_10)
FNDA:1,(anonymous_11)
DA:4,2
DA:5,2
DA:7,2
DA:8,2
DA:11,2
DA:14,2
DA:18,1
DA:19,1
DA:22,2
DA:23,1
DA:27,1
DA:31,2
LF:12
LH:12
BRF:0
BRH:0
end_of_record
TN:
SF:src\services\databaseService\MongoDb.ts
FN:8,(anonymous_8)
FN:12,(anonymous_9)
FN:22,(anonymous_11)
FNF:3
FNH:3
FNDA:2,(anonymous_8)
FNDA:2,(anonymous_9)
FNDA:1,(anonymous_11)
DA:1,1
DA:2,1
DA:5,1
DA:6,2
DA:9,2
DA:13,2
DA:14,2
DA:15,2
DA:16,1
DA:18,1
DA:23,1
LF:11
LH:11
BRDA:9,0,0,2
BRDA:9,0,1,0
BRF:2
BRH:1
end_of_record
TN:
SF:src\utils\index.ts
FN:6,(anonymous_1)
FNF:1
FNH:0
FNDA:0,(anonymous_1)
DA:1,8
DA:2,8
DA:3,8
DA:4,8
DA:6,8
LF:5
LH:5
BRF:0
BRH:0
end_of_record
TN:
SF:src\utils\parseCSV.ts
FN:4,(anonymous_8)
FN:4,(anonymous_9)
FNF:2
FNH:2
FNDA:2,(anonymous_8)
FNDA:2,(anonymous_9)
DA:1,9
DA:2,9
DA:4,9
DA:5,2
DA:6,2
DA:7,1
DA:9,1
DA:13,9
LF:8
LH:8
BRF:0
BRH:0
end_of_record
TN:
SF:src\utils\parseError.ts
FN:3,(anonymous_0)
FNF:1
FNH:1
FNDA:14,(anonymous_0)
DA:3,10
DA:7,14
DA:13,14
DA:14,14
DA:16,14
DA:17,3
DA:18,11
DA:19,14
DA:22,10
LF:9
LH:9
BRDA:16,0,0,3
BRDA:16,0,1,11
BRF:2
BRH:2
end_of_record
TN:
SF:src\utils\saveFile.ts
FN:9,(anonymous_8)
FNF:1
FNH:1
FNDA:2,(anonymous_8)
DA:3,9
DA:5,9
DA:7,9
DA:9,9
DA:10,2
DA:11,2
DA:13,1
DA:14,1
DA:18,9
LF:9
LH:9
BRF:0
BRH:0
end_of_record
TN:
SF:src\utils\validateEnv.ts
FN:3,(anonymous_0)
FNF:1
FNH:1
FNDA:1,(anonymous_0)
DA:1,9
DA:3,9
DA:4,1
LF:3
LH:3
BRF:0
BRH:0
end_of_record
TN:
SF:src\validation\index.ts
FNF:0
FNH:0
DA:1,4
DA:2,4
DA:4,4
LF:3
LH:3
BRF:0
BRH:0
end_of_record
TN:
SF:src\validation\validateCountry.ts
FN:17,(anonymous_1)
FNF:1
FNH:1
FNDA:2,(anonymous_1)
DA:1,5
DA:3,5
DA:17,5
DA:18,2
DA:21,5
LF:5
LH:5
BRF:0
BRH:0
end_of_record
TN:
SF:src\validation\validateCurrency.ts
FN:11,(anonymous_1)
FNF:1
FNH:1
FNDA:2,(anonymous_1)
DA:1,5
DA:3,5
DA:11,5
DA:12,2
DA:15,5
LF:5
LH:5
BRF:0
BRH:0
end_of_record
