TN:
SF:src\helpers\index.ts
FNF:0
FNH:0
DA:1,2
DA:2,2
DA:3,2
DA:4,2
DA:6,2
LF:5
LH:5
BRF:0
BRH:0
end_of_record
TN:
SF:src\helpers\countries\getCountries.ts
FN:12,(anonymous_8)
FN:12,(anonymous_9)
FNF:2
FNH:2
FNDA:8,(anonymous_8)
FNDA:8,(anonymous_9)
DA:3,3
DA:5,3
DA:7,3
DA:12,8
DA:13,8
DA:14,8
DA:15,8
DA:17,8
DA:18,8
DA:19,8
DA:24,8
DA:30,8
DA:31,8
DA:32,1
DA:34,7
DA:35,1
DA:37,7
DA:39,7
DA:40,2
DA:41,2
DA:42,2
DA:45,7
DA:46,2
DA:47,2
DA:48,2
DA:51,7
DA:52,7
DA:54,7
DA:56,1
DA:60,3
LF:30
LH:30
BRDA:14,0,0,8
BRDA:14,0,1,1
BRDA:15,1,0,8
BRDA:15,1,1,1
BRDA:31,2,0,1
BRDA:31,3,0,8
BRDA:31,3,1,7
BRDA:39,4,0,2
BRDA:45,5,0,2
BRF:9
BRH:9
end_of_record
TN:
SF:src\helpers\countries\saveCountries.ts
FN:10,(anonymous_7)
FNF:1
FNH:1
FNDA:2,(anonymous_7)
DA:3,3
DA:5,3
DA:10,3
DA:14,2
DA:15,2
DA:16,1
DA:17,1
DA:19,1
DA:23,3
LF:9
LH:9
BRF:0
BRH:0
end_of_record
TN:
SF:src\helpers\currencies\getCurrencies.ts
FN:12,(anonymous_8)
FN:12,(anonymous_9)
FNF:2
FNH:2
FNDA:8,(anonymous_8)
FNDA:8,(anonymous_9)
DA:3,3
DA:5,3
DA:7,3
DA:12,8
DA:13,8
DA:14,8
DA:15,8
DA:17,8
DA:18,8
DA:19,8
DA:24,8
DA:30,8
DA:31,8
DA:32,1
DA:34,7
DA:35,1
DA:38,7
DA:40,7
DA:41,2
DA:42,2
DA:43,2
DA:46,7
DA:47,2
DA:48,2
DA:49,2
DA:52,7
DA:53,7
DA:55,7
DA:57,1
DA:60,3
LF:30
LH:30
BRDA:14,0,0,8
BRDA:14,0,1,1
BRDA:15,1,0,8
BRDA:15,1,1,1
BRDA:31,2,0,1
BRDA:31,3,0,8
BRDA:31,3,1,7
BRDA:40,4,0,2
BRDA:46,5,0,2
BRF:9
BRH:9
end_of_record
TN:
SF:src\helpers\currencies\saveCurrencies.ts
FN:10,(anonymous_7)
FNF:1
FNH:1
FNDA:2,(anonymous_7)
DA:3,3
DA:5,3
DA:10,3
DA:14,2
DA:15,2
DA:16,1
DA:17,1
DA:19,1
DA:23,3
LF:9
LH:9
BRF:0
BRH:0
end_of_record
TN:
SF:src\models\CountryModel.ts
FNF:0
FNH:0
DA:1,6
DA:4,6
DA:18,6
DA:19,6
LF:4
LH:4
BRF:0
BRH:0
end_of_record
TN:
SF:src\models\CurrencyModel.ts
FNF:0
FNH:0
DA:1,6
DA:4,6
DA:12,6
DA:13,6
LF:4
LH:4
BRF:0
BRH:0
end_of_record
TN:
SF:src\models\index.ts
FN:4,(anonymous_0)
FN:4,(anonymous_1)
FNF:2
FNH:2
FNDA:32,(anonymous_0)
FNDA:32,(anonymous_1)
DA:1,6
DA:2,6
DA:4,38
LF:3
LH:3
BRF:0
BRH:0
end_of_record
TN:
SF:src\services\index.ts
FNF:0
FNH:0
DA:1,2
DA:2,2
DA:4,2
LF:3
LH:3
BRF:0
BRH:0
end_of_record
TN:
SF:src\services\countriesService\countriesService.ts
FN:10,(anonymous_7)
FN:14,(anonymous_8)
FN:22,(anonymous_10)
FNF:3
FNH:3
FNDA:2,(anonymous_7)
FNDA:1,(anonymous_8)
FNDA:1,(anonymous_10)
DA:4,2
DA:5,2
DA:7,2
DA:8,2
DA:11,2
DA:19,1
DA:23,1
DA:50,2
LF:8
LH:8
BRF:0
BRH:0
end_of_record
TN:
SF:src\services\currenciesService\currenciesService.ts
FN:10,(anonymous_7)
FN:14,(anonymous_8)
FN:18,(anonymous_9)
FN:22,(anonymous_10)
FNF:4
FNH:4
FNDA:2,(anonymous_7)
FNDA:1,(anonymous_8)
FNDA:1,(anonymous_9)
FNDA:1,(anonymous_10)
DA:4,2
DA:5,2
DA:7,2
DA:8,2
DA:11,2
DA:14,2
DA:18,1
DA:19,1
DA:22,2
DA:23,1
DA:50,2
LF:11
LH:11
BRF:0
BRH:0
end_of_record
TN:
SF:src\services\databaseService\MongoDb.ts
FN:8,(anonymous_8)
FN:12,(anonymous_9)
FN:22,(anonymous_11)
FNF:3
FNH:3
FNDA:2,(anonymous_8)
FNDA:2,(anonymous_9)
FNDA:1,(anonymous_11)
DA:1,1
DA:2,1
DA:5,1
DA:6,2
DA:9,2
DA:13,2
DA:14,2
DA:15,2
DA:16,1
DA:18,1
DA:23,1
LF:11
LH:11
BRDA:9,0,0,2
BRDA:9,0,1,0
BRF:2
BRH:1
end_of_record
TN:
SF:src\utils\index.ts
FN:6,(anonymous_1)
FNF:1
FNH:0
FNDA:0,(anonymous_1)
DA:1,6
DA:2,6
DA:3,6
DA:4,6
DA:6,6
LF:5
LH:5
BRF:0
BRH:0
end_of_record
TN:
SF:src\utils\parseCSV.ts
FN:4,(anonymous_8)
FN:4,(anonymous_9)
FNF:2
FNH:2
FNDA:2,(anonymous_8)
FNDA:2,(anonymous_9)
DA:1,7
DA:2,7
DA:4,7
DA:5,2
DA:6,2
DA:7,1
DA:9,1
DA:13,7
LF:8
LH:8
BRF:0
BRH:0
end_of_record
TN:
SF:src\utils\parseError.ts
FN:8,(anonymous_0)
FNF:1
FNH:1
FNDA:6,(anonymous_0)
DA:3,8
DA:8,8
DA:9,6
DA:10,6
DA:12,6
DA:13,3
DA:14,3
DA:15,6
DA:18,8
LF:9
LH:9
BRDA:12,0,0,3
BRDA:12,0,1,3
BRF:2
BRH:2
end_of_record
TN:
SF:src\utils\saveFile.ts
FN:9,(anonymous_8)
FNF:1
FNH:1
FNDA:2,(anonymous_8)
DA:3,7
DA:5,7
DA:7,7
DA:9,7
DA:10,2
DA:11,2
DA:13,1
DA:14,1
DA:18,7
LF:9
LH:9
BRF:0
BRH:0
end_of_record
TN:
SF:src\utils\validateEnv.ts
FN:3,(anonymous_0)
FNF:1
FNH:1
FNDA:1,(anonymous_0)
DA:1,7
DA:3,7
DA:4,1
LF:3
LH:3
BRF:0
BRH:0
end_of_record
